-------------------------------------------------------------------------------
Test set: api.FitbitAPITest.AggregateActivityServiceTest
-------------------------------------------------------------------------------
Tests run: 1, Failures: 0, Errors: 1, Skipped: 0, Time elapsed: 0.207 s <<< FAILURE! - in api.FitbitAPITest.AggregateActivityServiceTest
initializationError(api.FitbitAPITest.AggregateActivityServiceTest)  Time elapsed: 0.005 s  <<< ERROR!
java.lang.Exception: No runnable methods

